<?xml version="1.0" encoding="UTF-8"?>
<testsuite name="redditTest" tests="1" skipped="0" failures="0" errors="0" timestamp="2023-05-28T15:21:21" hostname="61af151c9204" time="87.21">
  <properties/>
  <testcase name="registrationTest" classname="redditTest" time="87.21"/>
  <system-out><![CDATA[Huge_Bid_6836
]]></system-out>
  <system-err><![CDATA[May 28, 2023 5:21:21 PM org.openqa.selenium.remote.tracing.opentelemetry.OpenTelemetryTracer createTracer
INFO: Using OpenTelemetry for tracing
]]></system-err>
</testsuite>
